<?xml version="1.0" encoding="UTF-8"?>
<testsuite xmlns:xsi="http://www.w3.org/2001/XMLSchema-instance" xsi:noNamespaceSchemaLocation="https://maven.apache.org/surefire/maven-surefire-plugin/xsd/surefire-test-report.xsd" name="top.javahe.WebSocketHandlerTest" time="2.001" tests="3" errors="0" skipped="0" failures="0">
  <properties>
[...]
</properties>
  <testcase name="testConnectionLifecycle" classname="top.javahe.WebSocketHandlerTest" time="1.912"/>
  <testcase name="testMultipleConnections" classname="top.javahe.WebSocketHandlerTest" time="0.046"/>
  <testcase name="testSendMessageToAll" classname="top.javahe.WebSocketHandlerTest" time="0.017"/>
</testsuite>